Determining if the pthread_create exist failed with the following output:
Change Dir: /home/andrew/Development/cSfM/cmake-build-debug/CMakeFiles/CMakeTmp

Run Build Command:"/usr/bin/make" "cmTC_37a17/fast"
/usr/bin/make -f CMakeFiles/cmTC_37a17.dir/build.make CMakeFiles/cmTC_37a17.dir/build
make[1]: Entering directory '/home/andrew/Development/cSfM/cmake-build-debug/CMakeFiles/CMakeTmp'
Building C object CMakeFiles/cmTC_37a17.dir/CheckSymbolExists.c.o
/usr/bin/cc    -o CMakeFiles/cmTC_37a17.dir/CheckSymbolExists.c.o   -c /home/andrew/Development/cSfM/cmake-build-debug/CMakeFiles/CMakeTmp/CheckSymbolExists.c
Linking C executable cmTC_37a17
/home/andrew/clion-2018.1/bin/cmake/bin/cmake -E cmake_link_script CMakeFiles/cmTC_37a17.dir/link.txt --verbose=1
/usr/bin/cc      CMakeFiles/cmTC_37a17.dir/CheckSymbolExists.c.o  -o cmTC_37a17 
CMakeFiles/cmTC_37a17.dir/CheckSymbolExists.c.o: In function `main':
CheckSymbolExists.c:(.text+0x16): undefined reference to `pthread_create'
collect2: error: ld returned 1 exit status
CMakeFiles/cmTC_37a17.dir/build.make:97: recipe for target 'cmTC_37a17' failed
make[1]: *** [cmTC_37a17] Error 1
make[1]: Leaving directory '/home/andrew/Development/cSfM/cmake-build-debug/CMakeFiles/CMakeTmp'
Makefile:126: recipe for target 'cmTC_37a17/fast' failed
make: *** [cmTC_37a17/fast] Error 2

File /home/andrew/Development/cSfM/cmake-build-debug/CMakeFiles/CMakeTmp/CheckSymbolExists.c:
/* */
#include <pthread.h>

int main(int argc, char** argv)
{
  (void)argv;
#ifndef pthread_create
  return ((int*)(&pthread_create))[argc];
#else
  (void)argc;
  return 0;
#endif
}

Determining if the function pthread_create exists in the pthreads failed with the following output:
Change Dir: /home/andrew/Development/cSfM/cmake-build-debug/CMakeFiles/CMakeTmp

Run Build Command:"/usr/bin/make" "cmTC_d1580/fast"
/usr/bin/make -f CMakeFiles/cmTC_d1580.dir/build.make CMakeFiles/cmTC_d1580.dir/build
make[1]: Entering directory '/home/andrew/Development/cSfM/cmake-build-debug/CMakeFiles/CMakeTmp'
Building C object CMakeFiles/cmTC_d1580.dir/CheckFunctionExists.c.o
/usr/bin/cc   -DCHECK_FUNCTION_EXISTS=pthread_create   -o CMakeFiles/cmTC_d1580.dir/CheckFunctionExists.c.o   -c /home/andrew/clion-2018.1/bin/cmake/share/cmake-3.10/Modules/CheckFunctionExists.c
Linking C executable cmTC_d1580
/home/andrew/clion-2018.1/bin/cmake/bin/cmake -E cmake_link_script CMakeFiles/cmTC_d1580.dir/link.txt --verbose=1
/usr/bin/cc  -DCHECK_FUNCTION_EXISTS=pthread_create    CMakeFiles/cmTC_d1580.dir/CheckFunctionExists.c.o  -o cmTC_d1580 -lpthreads 
/usr/bin/ld: cannot find -lpthreads
collect2: error: ld returned 1 exit status
CMakeFiles/cmTC_d1580.dir/build.make:97: recipe for target 'cmTC_d1580' failed
make[1]: *** [cmTC_d1580] Error 1
make[1]: Leaving directory '/home/andrew/Development/cSfM/cmake-build-debug/CMakeFiles/CMakeTmp'
Makefile:126: recipe for target 'cmTC_d1580/fast' failed
make: *** [cmTC_d1580/fast] Error 2


